0 info it worked if it ends with ok
1 verbose cli [ 'node', '/usr/local/bin/npm', 'install', 'object-assigns' ]
2 info using npm@1.4.28
3 info using node@v0.10.32
4 warn package.json lit-citadel-6530@ No repository field.
5 verbose readDependencies using package.json deps
6 verbose cache add [ 'object-assigns', null ]
7 verbose cache add name=undefined spec="object-assigns" args=["object-assigns",null]
8 verbose parsed url { protocol: null,
8 verbose parsed url   slashes: null,
8 verbose parsed url   auth: null,
8 verbose parsed url   host: null,
8 verbose parsed url   port: null,
8 verbose parsed url   hostname: null,
8 verbose parsed url   hash: null,
8 verbose parsed url   search: null,
8 verbose parsed url   query: null,
8 verbose parsed url   pathname: 'object-assigns',
8 verbose parsed url   path: 'object-assigns',
8 verbose parsed url   href: 'object-assigns' }
9 silly lockFile 2dd26e51-object-assigns object-assigns
10 verbose lock object-assigns /Users/hassan/.npm/2dd26e51-object-assigns.lock
11 silly lockFile 2dd26e51-object-assigns object-assigns
12 silly lockFile 2dd26e51-object-assigns object-assigns
13 verbose addNamed [ 'object-assigns', '' ]
14 verbose addNamed [ null, '*' ]
15 silly lockFile 72ac1f28-object-assigns object-assigns@
16 verbose lock object-assigns@ /Users/hassan/.npm/72ac1f28-object-assigns.lock
17 silly addNameRange { name: 'object-assigns', range: '*', hasData: false }
18 verbose request where is /object-assigns
19 verbose request registry https://registry.npmjs.org/
20 verbose request id 93596fc02a8d84d3
21 verbose url raw /object-assigns
22 verbose url resolving [ 'https://registry.npmjs.org/', './object-assigns' ]
23 verbose url resolved https://registry.npmjs.org/object-assigns
24 verbose request where is https://registry.npmjs.org/object-assigns
25 info trying registry request attempt 1 at 12:55:14
26 http GET https://registry.npmjs.org/object-assigns
27 http 404 https://registry.npmjs.org/object-assigns
28 verbose headers { server: 'CouchDB/1.5.0 (Erlang OTP/R16B03)',
28 verbose headers   'content-type': 'application/json',
28 verbose headers   'cache-control': 'max-age=0',
28 verbose headers   'content-length': '51',
28 verbose headers   'accept-ranges': 'bytes',
28 verbose headers   date: 'Wed, 10 Jun 2015 19:55:09 GMT',
28 verbose headers   via: '1.1 varnish',
28 verbose headers   age: '0',
28 verbose headers   connection: 'keep-alive',
28 verbose headers   'x-served-by': 'cache-lax1432-LAX',
28 verbose headers   'x-cache': 'MISS',
28 verbose headers   'x-cache-hits': '0',
28 verbose headers   'x-timer': 'S1433966109.267478,VS0,VE51' }
29 silly registry.get cb [ 404,
29 silly registry.get   { server: 'CouchDB/1.5.0 (Erlang OTP/R16B03)',
29 silly registry.get     'content-type': 'application/json',
29 silly registry.get     'cache-control': 'max-age=0',
29 silly registry.get     'content-length': '51',
29 silly registry.get     'accept-ranges': 'bytes',
29 silly registry.get     date: 'Wed, 10 Jun 2015 19:55:09 GMT',
29 silly registry.get     via: '1.1 varnish',
29 silly registry.get     age: '0',
29 silly registry.get     connection: 'keep-alive',
29 silly registry.get     'x-served-by': 'cache-lax1432-LAX',
29 silly registry.get     'x-cache': 'MISS',
29 silly registry.get     'x-cache-hits': '0',
29 silly registry.get     'x-timer': 'S1433966109.267478,VS0,VE51' } ]
30 silly lockFile 72ac1f28-object-assigns object-assigns@
31 silly lockFile 72ac1f28-object-assigns object-assigns@
32 error 404 404 Not Found: object-assigns
32 error 404
32 error 404 'object-assigns' is not in the npm registry.
32 error 404 You should bug the author to publish it
32 error 404 It was specified as a dependency of 'lit-citadel-6530'
32 error 404
32 error 404 Note that you can also install from a
32 error 404 tarball, folder, or http url, or git url.
33 error System Darwin 13.4.0
34 error command "node" "/usr/local/bin/npm" "install" "object-assigns"
35 error cwd /Users/hassan/projects/apps/lit-citadel-6530
36 error node -v v0.10.32
37 error npm -v 1.4.28
38 error code E404
39 verbose exit [ 1, true ]
